<?xml version="1.0" encoding="UTF-8"?>
<!-- Generated by org.testng.reporters.JUnitReportReporter -->
<testsuite hostname="Sasmita" failures="0" tests="1" name="com.example.AppTest" time="30.516" errors="0" timestamp="2024-04-27T14:26:36 IST" skipped="0">
  <testcase classname="com.example.AppTest" name="testCase1" time="30.516"/>
</testsuite> <!-- com.example.AppTest -->
