<?xml version="1.0" encoding="UTF-8"?>
<!-- Generated by org.testng.reporters.JUnitReportReporter -->
<testsuite hostname="Sasmita" failures="0" tests="1" name="com.example.AppTest" time="24.340" errors="0" timestamp="2024-04-25T14:58:00 IST" skipped="0">
  <testcase classname="com.example.AppTest" name="test" time="24.340"/>
</testsuite> <!-- com.example.AppTest -->
