<?xml version="1.0" encoding="UTF-8"?>
<!-- Generated by org.testng.reporters.JUnitReportReporter -->
<testsuite hostname="Sasmita" failures="0" tests="2" name="com.example.AppTest" time="22.282" errors="0" timestamp="2024-04-25T12:38:14 IST" skipped="0">
  <testcase classname="com.example.AppTest" name="testCase1" time="14.282"/>
  <testcase classname="com.example.AppTest" name="testCase2" time="8.000"/>
</testsuite> <!-- com.example.AppTest -->
