<?xml version="1.0" encoding="UTF-8"?>
<!-- Generated by org.testng.reporters.JUnitReportReporter -->
<testsuite hostname="Sasmita" failures="0" tests="2" name="com.example.AppTest" time="26.021" errors="0" timestamp="2024-04-26T10:48:21 IST" skipped="0">
  <testcase classname="com.example.AppTest" name="testCase1" time="22.562"/>
  <testcase classname="com.example.AppTest" name="testCase2" time="3.459"/>
</testsuite> <!-- com.example.AppTest -->
